#
# There is insufficient memory for the Java Runtime Environment to continue.
# Native memory allocation (malloc) failed to allocate 1111856 bytes for Chunk::new
# Possible reasons:
#   The system is out of physical RAM or swap space
#   The process is running with CompressedOops enabled, and the Java Heap may be blocking the growth of the native heap
# Possible solutions:
#   Reduce memory load on the system
#   Increase physical memory or swap space
#   Check if swap backing store is full
#   Decrease Java heap size (-Xmx/-Xms)
#   Decrease number of Java threads
#   Decrease Java thread stack sizes (-Xss)
#   Set larger code cache with -XX:ReservedCodeCacheSize=
#   JVM is running with Unscaled Compressed Oops mode in which the Java heap is
#     placed in the first 4GB address space. The Java Heap base address is the
#     maximum limit for the native heap growth. Please use -XX:HeapBaseMinAddress
#     to set the Java Heap base and to place the Java Heap above 4GB virtual address.
# This output file may be truncated or incomplete.
#
#  Out of Memory Error (allocation.cpp:389), pid=8140, tid=0x0000000000002574
#
# JRE version: OpenJDK Runtime Environment (8.0_242-b01) (build 1.8.0_242-release-1644-b01)
# Java VM: OpenJDK 64-Bit Server VM (25.242-b01 mixed mode windows-amd64 compressed oops)
# Failed to write core dump. Minidumps are not enabled by default on client versions of Windows
#

---------------  T H R E A D  ---------------

Current thread (0x0000000017932000):  JavaThread "C2 CompilerThread0" daemon [_thread_in_native, id=9588, stack(0x0000000018f90000,0x0000000019090000)]

Stack: [0x0000000018f90000,0x0000000019090000]
[error occurred during error reporting (printing stack bounds), id 0xc0000005]

Native frames: (J=compiled Java code, j=interpreted, Vv=VM code, C=native code)


Current CompileTask:
C2:  44588 14569       4       com.android.tools.r8.ir.conversion.o::a (1153 bytes)


---------------  P R O C E S S  ---------------

Java Threads: ( => current thread )
  0x0000000020a73000 JavaThread "WorkerExecutor Queue" [_thread_blocked, id=2824, stack(0x000000002d0b0000,0x000000002d1b0000)]
  0x0000000020a72800 JavaThread "Cache worker for execution history cache (C:\Users\Maria\AndroidStudioProjects\MyApplication1\.gradle\6.5\executionHistory)" [_thread_blocked, id=10132, stack(0x000000002c7b0000,0x000000002c8b0000)]
  0x000000001bd13800 JavaThread "Execution worker for ':' Thread 3" [_thread_blocked, id=12132, stack(0x000000002c6b0000,0x000000002c7b0000)]
  0x000000001bd13000 JavaThread "Execution worker for ':' Thread 2" [_thread_blocked, id=4652, stack(0x000000002c5b0000,0x000000002c6b0000)]
  0x000000001bd0f000 JavaThread "Execution worker for ':'" [_thread_blocked, id=12100, stack(0x000000002b0b0000,0x000000002b1b0000)]
  0x000000001bd0e800 JavaThread "Cache worker for file content cache (C:\Users\Maria\AndroidStudioProjects\MyApplication1\.gradle\6.5\fileContent)" [_thread_blocked, id=5316, stack(0x000000002afb0000,0x000000002b0b0000)]
  0x000000001bd12000 JavaThread "Memory manager" [_thread_blocked, id=2324, stack(0x000000002a270000,0x000000002a370000)]
  0x000000001bd11800 JavaThread "Cache worker for Build Output Cleanup Cache (C:\Users\Maria\AndroidStudioProjects\MyApplication1\.gradle\buildOutputCleanup)" [_thread_in_native, id=13468, stack(0x0000000029d70000,0x0000000029e70000)]
  0x000000001bd14800 JavaThread "jar transforms Thread 113" [_thread_blocked, id=7716, stack(0x00000000296b0000,0x00000000297b0000)]
  0x000000001bd15000 JavaThread "jar transforms Thread 112" [_thread_blocked, id=2796, stack(0x00000000295b0000,0x00000000296b0000)]
  0x000000001bd10800 JavaThread "jar transforms Thread 111" [_thread_blocked, id=13856, stack(0x00000000294b0000,0x00000000295b0000)]
  0x000000001bd10000 JavaThread "jar transforms Thread 110" [_thread_blocked, id=3196, stack(0x00000000293b0000,0x00000000294b0000)]
  0x000000001bd07000 JavaThread "jar transforms Thread 109" [_thread_blocked, id=2888, stack(0x00000000292b0000,0x00000000293b0000)]
  0x000000001bd07800 JavaThread "jar transforms Thread 108" [_thread_blocked, id=12892, stack(0x00000000291b0000,0x00000000292b0000)]
  0x000000001bd0d800 JavaThread "jar transforms Thread 107" [_thread_blocked, id=11032, stack(0x00000000290b0000,0x00000000291b0000)]
  0x000000001bd0d000 JavaThread "jar transforms Thread 106" [_thread_blocked, id=3148, stack(0x0000000028fb0000,0x00000000290b0000)]
  0x000000001bd06000 JavaThread "jar transforms Thread 105" [_thread_blocked, id=13260, stack(0x0000000028eb0000,0x0000000028fb0000)]
  0x000000001bd0c000 JavaThread "jar transforms Thread 104" [_thread_blocked, id=10948, stack(0x0000000028db0000,0x0000000028eb0000)]
  0x000000001bd0b800 JavaThread "jar transforms Thread 103" [_thread_blocked, id=12500, stack(0x0000000028cb0000,0x0000000028db0000)]
  0x000000001bd0a800 JavaThread "jar transforms Thread 102" [_thread_blocked, id=6524, stack(0x0000000028bb0000,0x0000000028cb0000)]
  0x000000001bd09000 JavaThread "jar transforms Thread 101" [_thread_blocked, id=12412, stack(0x0000000028ab0000,0x0000000028bb0000)]
  0x000000001bd08800 JavaThread "jar transforms Thread 100" [_thread_blocked, id=13272, stack(0x00000000289b0000,0x0000000028ab0000)]
  0x000000001bd0a000 JavaThread "jar transforms Thread 99" [_thread_blocked, id=4932, stack(0x00000000288b0000,0x00000000289b0000)]
  0x000000001bf77000 JavaThread "jar transforms Thread 98" [_thread_blocked, id=11524, stack(0x00000000287b0000,0x00000000288b0000)]
  0x000000001bf74000 JavaThread "jar transforms Thread 97" [_thread_blocked, id=12424, stack(0x00000000286b0000,0x00000000287b0000)]
  0x000000001bf72000 JavaThread "jar transforms Thread 96" [_thread_blocked, id=4596, stack(0x00000000285b0000,0x00000000286b0000)]
  0x000000001bf72800 JavaThread "jar transforms Thread 95" [_thread_blocked, id=9664, stack(0x00000000284b0000,0x00000000285b0000)]
  0x000000001bf76800 JavaThread "jar transforms Thread 94" [_thread_blocked, id=10632, stack(0x00000000283b0000,0x00000000284b0000)]
  0x000000001bf75800 JavaThread "jar transforms Thread 93" [_thread_blocked, id=6696, stack(0x00000000282b0000,0x00000000283b0000)]
  0x000000001bf75000 JavaThread "jar transforms Thread 92" [_thread_blocked, id=2972, stack(0x00000000281b0000,0x00000000282b0000)]
  0x000000001bf73800 JavaThread "jar transforms Thread 91" [_thread_blocked, id=5964, stack(0x00000000280b0000,0x00000000281b0000)]
  0x000000001bf6a800 JavaThread "jar transforms Thread 90" [_thread_blocked, id=11432, stack(0x0000000027fb0000,0x00000000280b0000)]
  0x000000001bf71000 JavaThread "jar transforms Thread 89" [_thread_blocked, id=5776, stack(0x0000000027eb0000,0x0000000027fb0000)]
  0x000000001bf6c800 JavaThread "jar transforms Thread 88" [_thread_blocked, id=10500, stack(0x0000000027db0000,0x0000000027eb0000)]
  0x000000001bf69800 JavaThread "jar transforms Thread 87" [_thread_blocked, id=11732, stack(0x0000000027cb0000,0x0000000027db0000)]
  0x000000001bf6b000 JavaThread "jar transforms Thread 86" [_thread_blocked, id=3584, stack(0x0000000027bb0000,0x0000000027cb0000)]
  0x000000001bf70800 JavaThread "jar transforms Thread 85" [_thread_blocked, id=5128, stack(0x0000000027ab0000,0x0000000027bb0000)]
  0x000000001bf6d800 JavaThread "jar transforms Thread 84" [_thread_blocked, id=4160, stack(0x00000000279b0000,0x0000000027ab0000)]
  0x000000001bf6f800 JavaThread "jar transforms Thread 83" [_thread_blocked, id=7560, stack(0x00000000278b0000,0x00000000279b0000)]
  0x000000001bf6f000 JavaThread "jar transforms Thread 82" [_thread_blocked, id=3260, stack(0x00000000277b0000,0x00000000278b0000)]
  0x000000001bf69000 JavaThread "jar transforms Thread 81" [_thread_blocked, id=9916, stack(0x00000000276b0000,0x00000000277b0000)]
  0x000000001bf6c000 JavaThread "jar transforms Thread 80" [_thread_blocked, id=11476, stack(0x00000000275b0000,0x00000000276b0000)]
  0x000000001bf68000 JavaThread "jar transforms Thread 79" [_thread_blocked, id=7472, stack(0x00000000274b0000,0x00000000275b0000)]
  0x000000001bf6e000 JavaThread "jar transforms Thread 78" [_thread_blocked, id=4032, stack(0x00000000273b0000,0x00000000274b0000)]
  0x000000001ac8f000 JavaThread "jar transforms Thread 77" [_thread_blocked, id=14036, stack(0x00000000272b0000,0x00000000273b0000)]
  0x000000001ac8b000 JavaThread "jar transforms Thread 76" [_thread_blocked, id=6020, stack(0x00000000271b0000,0x00000000272b0000)]
  0x000000001ac8e000 JavaThread "jar transforms Thread 75" [_thread_blocked, id=3932, stack(0x00000000270b0000,0x00000000271b0000)]
  0x000000001ac88000 JavaThread "jar transforms Thread 74" [_thread_blocked, id=10664, stack(0x0000000026fb0000,0x00000000270b0000)]
  0x000000001ac8d800 JavaThread "jar transforms Thread 73" [_thread_blocked, id=3424, stack(0x0000000026eb0000,0x0000000026fb0000)]
  0x000000001ac8c000 JavaThread "jar transforms Thread 72" [_thread_blocked, id=9412, stack(0x0000000026db0000,0x0000000026eb0000)]
  0x000000001ac89800 JavaThread "jar transforms Thread 71" [_thread_blocked, id=9716, stack(0x0000000026cb0000,0x0000000026db0000)]
  0x000000001ac8c800 JavaThread "jar transforms Thread 70" [_thread_blocked, id=10964, stack(0x0000000026bb0000,0x0000000026cb0000)]
  0x000000001ac89000 JavaThread "jar transforms Thread 69" [_thread_blocked, id=11712, stack(0x0000000026ab0000,0x0000000026bb0000)]
  0x000000001ac8a800 JavaThread "jar transforms Thread 68" [_thread_blocked, id=12108, stack(0x00000000269b0000,0x0000000026ab0000)]
  0x000000001ac81800 JavaThread "jar transforms Thread 67" [_thread_blocked, id=756, stack(0x00000000268b0000,0x00000000269b0000)]
  0x000000001ac80800 JavaThread "jar transforms Thread 66" [_thread_blocked, id=9060, stack(0x00000000267b0000,0x00000000268b0000)]
  0x000000001ac84800 JavaThread "jar transforms Thread 65" [_thread_blocked, id=4228, stack(0x00000000266b0000,0x00000000267b0000)]
  0x000000001ac87800 JavaThread "jar transforms Thread 64" [_thread_blocked, id=10740, stack(0x00000000265b0000,0x00000000266b0000)]
  0x000000001ac86000 JavaThread "jar transforms Thread 63" [_thread_blocked, id=10116, stack(0x00000000264b0000,0x00000000265b0000)]
  0x000000001ac85000 JavaThread "jar transforms Thread 62" [_thread_blocked, id=9720, stack(0x00000000263b0000,0x00000000264b0000)]
  0x000000001ac83000 JavaThread "jar transforms Thread 61" [_thread_blocked, id=13516, stack(0x00000000262b0000,0x00000000263b0000)]
  0x000000001ac83800 JavaThread "jar transforms Thread 60" [_thread_blocked, id=6044, stack(0x00000000261b0000,0x00000000262b0000)]
  0x000000001ac86800 JavaThread "jar transforms Thread 59" [_thread_blocked, id=3120, stack(0x00000000260b0000,0x00000000261b0000)]
  0x000000001ac80000 JavaThread "jar transforms Thread 58" [_thread_blocked, id=13488, stack(0x0000000025fb0000,0x00000000260b0000)]
  0x000000001ac82000 JavaThread "jar transforms Thread 57" [_thread_blocked, id=14012, stack(0x0000000025eb0000,0x0000000025fb0000)]
  0x000000001e502000 JavaThread "jar transforms Thread 56" [_thread_blocked, id=72, stack(0x0000000025db0000,0x0000000025eb0000)]
  0x000000001e501800 JavaThread "jar transforms Thread 55" [_thread_blocked, id=12964, stack(0x0000000025cb0000,0x0000000025db0000)]
  0x000000001e500800 JavaThread "jar transforms Thread 54" [_thread_blocked, id=6272, stack(0x0000000025bb0000,0x0000000025cb0000)]
  0x000000001e500000 JavaThread "jar transforms Thread 53" [_thread_blocked, id=10372, stack(0x0000000025ab0000,0x0000000025bb0000)]
  0x000000001e4ff000 JavaThread "jar transforms Thread 52" [_thread_blocked, id=7812, stack(0x00000000259b0000,0x0000000025ab0000)]
  0x000000001e4fe000 JavaThread "jar transforms Thread 51" [_thread_blocked, id=10000, stack(0x00000000258b0000,0x00000000259b0000)]
  0x000000001e4fd800 JavaThread "jar transforms Thread 50" [_thread_blocked, id=5276, stack(0x00000000257b0000,0x00000000258b0000)]
  0x000000001e4f6000 JavaThread "jar transforms Thread 49" [_thread_blocked, id=4480, stack(0x00000000256b0000,0x00000000257b0000)]
  0x000000001e4fc800 JavaThread "jar transforms Thread 48" [_thread_blocked, id=14092, stack(0x00000000255b0000,0x00000000256b0000)]
  0x000000001e4fc000 JavaThread "jar transforms Thread 47" [_thread_blocked, id=12072, stack(0x00000000254b0000,0x00000000255b0000)]
  0x000000001e4fb000 JavaThread "jar transforms Thread 46" [_thread_blocked, id=10720, stack(0x00000000253b0000,0x00000000254b0000)]
  0x000000001e4f3800 JavaThread "jar transforms Thread 45" [_thread_blocked, id=2760, stack(0x00000000252b0000,0x00000000253b0000)]
  0x000000001e4f4800 JavaThread "jar transforms Thread 44" [_thread_blocked, id=13640, stack(0x00000000251b0000,0x00000000252b0000)]
  0x000000001e4f5000 JavaThread "jar transforms Thread 43" [_thread_blocked, id=3252, stack(0x00000000250b0000,0x00000000251b0000)]
  0x000000001e4f7800 JavaThread "jar transforms Thread 42" [_thread_blocked, id=12112, stack(0x0000000024fb0000,0x00000000250b0000)]
  0x000000001e4f8000 JavaThread "jar transforms Thread 41" [_thread_blocked, id=13768, stack(0x0000000024eb0000,0x0000000024fb0000)]
  0x000000001e4fa800 JavaThread "jar transforms Thread 40" [_thread_blocked, id=13704, stack(0x0000000024db0000,0x0000000024eb0000)]
  0x000000001e4f6800 JavaThread "jar transforms Thread 39" [_thread_blocked, id=9252, stack(0x0000000024cb0000,0x0000000024db0000)]
  0x000000001e4f3000 JavaThread "jar transforms Thread 38" [_thread_blocked, id=12716, stack(0x0000000024bb0000,0x0000000024cb0000)]
  0x000000001e4f9800 JavaThread "jar transforms Thread 37" [_thread_blocked, id=12852, stack(0x0000000024ab0000,0x0000000024bb0000)]
  0x000000001e4f9000 JavaThread "jar transforms Thread 36" [_thread_blocked, id=13480, stack(0x00000000249b0000,0x0000000024ab0000)]
  0x000000001f830000 JavaThread "jar transforms Thread 35" [_thread_blocked, id=3588, stack(0x00000000248b0000,0x00000000249b0000)]
  0x000000001f82f800 JavaThread "jar transforms Thread 34" [_thread_blocked, id=4496, stack(0x00000000247b0000,0x00000000248b0000)]
  0x000000001f834000 JavaThread "jar transforms Thread 33" [_thread_blocked, id=2484, stack(0x00000000246b0000,0x00000000247b0000)]
  0x000000001f833800 JavaThread "jar transforms Thread 32" [_thread_blocked, id=1056, stack(0x00000000245b0000,0x00000000246b0000)]
  0x000000001f82d000 JavaThread "jar transforms Thread 31" [_thread_blocked, id=13932, stack(0x00000000244b0000,0x00000000245b0000)]
  0x000000001f831000 JavaThread "jar transforms Thread 30" [_thread_blocked, id=2964, stack(0x00000000243b0000,0x00000000244b0000)]
  0x000000001f831800 JavaThread "jar transforms Thread 29" [_thread_blocked, id=14312, stack(0x00000000242b0000,0x00000000243b0000)]
  0x000000001f832800 JavaThread "jar transforms Thread 28" [_thread_blocked, id=8712, stack(0x00000000241b0000,0x00000000242b0000)]
  0x000000001f82e000 JavaThread "jar transforms Thread 27" [_thread_blocked, id=4836, stack(0x00000000240b0000,0x00000000241b0000)]
  0x000000001f82e800 JavaThread "jar transforms Thread 26" [_thread_blocked, id=2832, stack(0x0000000023fb0000,0x00000000240b0000)]
  0x000000001f828000 JavaThread "jar transforms Thread 25" [_thread_blocked, id=9888, stack(0x0000000023eb0000,0x0000000023fb0000)]
  0x000000001f825800 JavaThread "jar transforms Thread 24" [_thread_blocked, id=11404, stack(0x0000000023db0000,0x0000000023eb0000)]
  0x000000001f82b800 JavaThread "jar transforms Thread 23" [_thread_blocked, id=13736, stack(0x0000000023cb0000,0x0000000023db0000)]
  0x000000001f82b000 JavaThread "jar transforms Thread 22" [_thread_blocked, id=6340, stack(0x0000000023bb0000,0x0000000023cb0000)]
  0x000000001f828800 JavaThread "jar transforms Thread 21" [_thread_blocked, id=14164, stack(0x0000000023ab0000,0x0000000023bb0000)]
  0x000000001f82c800 JavaThread "jar transforms Thread 20" [_thread_blocked, id=13476, stack(0x00000000239b0000,0x0000000023ab0000)]
  0x000000001f82a000 JavaThread "jar transforms Thread 19" [_thread_blocked, id=10960, stack(0x00000000238b0000,0x00000000239b0000)]
  0x000000001f826800 JavaThread "jar transforms Thread 18" [_thread_blocked, id=6240, stack(0x00000000237b0000,0x00000000238b0000)]
  0x000000001f829800 JavaThread "jar transforms Thread 17" [_thread_blocked, id=3672, stack(0x00000000236b0000,0x00000000237b0000)]
  0x000000001f825000 JavaThread "jar transforms Thread 16" [_thread_blocked, id=9604, stack(0x00000000235b0000,0x00000000236b0000)]
  0x000000001f827000 JavaThread "jar transforms Thread 15" [_thread_blocked, id=10164, stack(0x00000000234b0000,0x00000000235b0000)]
  0x000000001b2f9000 JavaThread "jar transforms Thread 14" [_thread_blocked, id=10100, stack(0x00000000233b0000,0x00000000234b0000)]
  0x000000001b2f8800 JavaThread "jar transforms Thread 13" [_thread_blocked, id=13712, stack(0x00000000232b0000,0x00000000233b0000)]
  0x000000001b2f7800 JavaThread "jar transforms Thread 12" [_thread_blocked, id=9544, stack(0x00000000230b0000,0x00000000231b0000)]
  0x000000001b2fb800 JavaThread "jar transforms Thread 11" [_thread_blocked, id=14264, stack(0x0000000022fb0000,0x00000000230b0000)]
  0x000000001b2fa800 JavaThread "jar transforms Thread 10" [_thread_blocked, id=9104, stack(0x0000000022eb0000,0x0000000022fb0000)]
  0x000000001b2f6000 JavaThread "jar transforms Thread 9" [_thread_blocked, id=5784, stack(0x0000000022db0000,0x0000000022eb0000)]
  0x000000001b2f7000 JavaThread "jar transforms Thread 8" [_thread_blocked, id=12988, stack(0x0000000022cb0000,0x0000000022db0000)]
  0x000000001b2fa000 JavaThread "jar transforms Thread 7" [_thread_blocked, id=11520, stack(0x0000000022bb0000,0x0000000022cb0000)]
  0x000000001b2ee800 JavaThread "jar transforms Thread 6" [_thread_blocked, id=12472, stack(0x0000000022ab0000,0x0000000022bb0000)]
  0x000000001b2f5800 JavaThread "jar transforms Thread 5" [_thread_blocked, id=14260, stack(0x00000000229b0000,0x0000000022ab0000)]
  0x000000001b2f1800 JavaThread "jar transforms Thread 4" [_thread_blocked, id=2884, stack(0x00000000228b0000,0x00000000229b0000)]
  0x000000001b2f4800 JavaThread "jar transforms Thread 3" [_thread_blocked, id=3740, stack(0x00000000227b0000,0x00000000228b0000)]
  0x000000001b2f4000 JavaThread "jar transforms Thread 2" [_thread_blocked, id=1576, stack(0x00000000226b0000,0x00000000227b0000)]
  0x000000001b2f1000 JavaThread "Build operations Thread 4" [_thread_blocked, id=6364, stack(0x00000000225b0000,0x00000000226b0000)]
  0x000000001b2ef800 JavaThread "Build operations Thread 3" [_thread_in_Java, id=11500, stack(0x00000000224b0000,0x00000000225b0000)]
  0x000000001b2f3000 JavaThread "Build operations Thread 2" [_thread_blocked, id=2020, stack(0x00000000223b0000,0x00000000224b0000)]
  0x000000001b2ed000 JavaThread "Build operations" [_thread_in_native, id=8884, stack(0x00000000222b0000,0x00000000223b0000)]
  0x000000001b6e2000 JavaThread "Cache worker for file content cache (C:\Users\Maria\.gradle\caches\6.5\fileContent)" [_thread_blocked, id=7008, stack(0x0000000021bb0000,0x0000000021cb0000)]
  0x000000001b6e1000 JavaThread "jar transforms" [_thread_blocked, id=956, stack(0x0000000021ab0000,0x0000000021bb0000)]
  0x000000001b6e6000 JavaThread "Cache worker for execution history cache (C:\Users\Maria\.gradle\caches\6.5\executionHistory)" [_thread_blocked, id=3156, stack(0x00000000213b0000,0x00000000214b0000)]
  0x000000001b6e5000 JavaThread "Cache worker for cache directory md-rule (C:\Users\Maria\.gradle\caches\6.5\md-rule)" [_thread_blocked, id=13216, stack(0x00000000212b0000,0x00000000213b0000)]
  0x000000001b6e8000 JavaThread "Cache worker for cache directory md-supplier (C:\Users\Maria\.gradle\caches\6.5\md-supplier)" [_thread_blocked, id=10896, stack(0x000000001fe50000,0x000000001ff50000)]
  0x000000001b6e7800 JavaThread "Cache worker for checksums cache (C:\Users\Maria\AndroidStudioProjects\MyApplication1\.gradle\checksums)" [_thread_blocked, id=10456, stack(0x000000001fd50000,0x000000001fe50000)]
  0x000000001b6e2800 JavaThread "Cache worker for file hash cache (C:\Users\Maria\AndroidStudioProjects\MyApplication1\.gradle\6.5\fileHashes)" [_thread_blocked, id=6336, stack(0x00000000211b0000,0x00000000212b0000)]
  0x000000001b6e4000 JavaThread "Cache worker for file hash cache (C:\Users\Maria\.gradle\caches\6.5\fileHashes)" [_thread_blocked, id=10400, stack(0x000000001d8b0000,0x000000001d9b0000)]
  0x000000001b6e3800 JavaThread "File lock request listener" [_thread_in_native, id=7388, stack(0x000000001d7b0000,0x000000001d8b0000)]
  0x000000001b787800 JavaThread "Cache worker for journal cache (C:\Users\Maria\.gradle\caches\journal-1)" [_thread_blocked, id=1308, stack(0x000000001d6b0000,0x000000001d7b0000)]
  0x000000001a517000 JavaThread "Thread-9" [_thread_blocked, id=7900, stack(0x000000001d3b0000,0x000000001d4b0000)]
  0x000000001a516000 JavaThread "Stdin handler" [_thread_blocked, id=5464, stack(0x000000001d2b0000,0x000000001d3b0000)]
  0x000000001a515000 JavaThread "Asynchronous log dispatcher for DefaultDaemonConnection: socket connection from /127.0.0.1:51754 to /127.0.0.1:51755" [_thread_blocked, id=13668, stack(0x000000001d1b0000,0x000000001d2b0000)]
  0x0000000019b4f000 JavaThread "Daemon worker" [_thread_blocked, id=4004, stack(0x000000001d0b0000,0x000000001d1b0000)]
  0x0000000019b4e800 JavaThread "Cancel handler" [_thread_blocked, id=3032, stack(0x000000001cfb0000,0x000000001d0b0000)]
  0x000000001b403800 JavaThread "Handler for socket connection from /127.0.0.1:51754 to /127.0.0.1:51755" [_thread_in_native, id=10556, stack(0x000000001ceb0000,0x000000001cfb0000)]
  0x000000001b401000 JavaThread "Daemon" [_thread_blocked, id=11300, stack(0x000000001cdb0000,0x000000001ceb0000)]
  0x000000001b3fe800 JavaThread "Daemon periodic checks" [_thread_blocked, id=5360, stack(0x000000001cab0000,0x000000001cbb0000)]
  0x000000001b3af000 JavaThread "Incoming local TCP Connector on port 51754" [_thread_in_native, id=11316, stack(0x000000001c870000,0x000000001c970000)]
  0x000000001b35d800 JavaThread "Daemon health stats" [_thread_blocked, id=12832, stack(0x000000001c230000,0x000000001c330000)]
  0x000000001798c000 JavaThread "Service Thread" daemon [_thread_blocked, id=3812, stack(0x0000000019690000,0x0000000019790000)]
  0x0000000017988000 JavaThread "C1 CompilerThread2" daemon [_thread_blocked, id=13108, stack(0x0000000019190000,0x0000000019290000)]
  0x0000000017984800 JavaThread "C2 CompilerThread1" daemon [_thread_in_native, id=316, stack(0x0000000019090000,0x0000000019190000)]
=>0x0000000017932000 JavaThread "C2 CompilerThread0" daemon [_thread_in_native, id=9588, stack(0x0000000018f90000,0x0000000019090000)]
  0x0000000017930800 JavaThread "Attach Listener" daemon [_thread_blocked, id=10300, stack(0x0000000018e90000,0x0000000018f90000)]
  0x0000000017937000 JavaThread "Signal Dispatcher" daemon [_thread_blocked, id=13656, stack(0x0000000018d90000,0x0000000018e90000)]
  0x0000000002cd5800 JavaThread "Finalizer" daemon [_thread_blocked, id=8200, stack(0x0000000018b80000,0x0000000018c80000)]
  0x0000000017919000 JavaThread "Reference Handler" daemon [_thread_blocked, id=9312, stack(0x0000000018a80000,0x0000000018b80000)]
  0x0000000002bbe800 JavaThread "main" [_thread_blocked, id=4184, stack(0x0000000002a90000,0x0000000002b90000)]

Other Threads:
  0x00000000178f6800 VMThread [stack: 0x0000000018980000,0x0000000018a80000] [id=4068]
  0x000000001798d000 WatcherThread [stack: 0x0000000019790000,0x0000000019890000] [id=6992]

VM state:not at safepoint (normal execution)

VM Mutex/Monitor currently owned by a thread: None

heap address: 0x0000000080000000, size: 2048 MB, Compressed Oops mode: 32-bit
Narrow klass base: 0x0000000000000000, Narrow klass shift: 3
Compressed class space size: 1073741824 Address: 0x0000000100000000

Heap:
 PSYoungGen      total 637952K, used 237748K [0x00000000d5580000, 0x00000000fff80000, 0x0000000100000000)
  eden space 596480K, 36% used [0x00000000d5580000,0x00000000e293d528,0x00000000f9c00000)
  from space 41472K, 50% used [0x00000000f9c00000,0x00000000fb06fe00,0x00000000fc480000)
  to   space 39936K, 0% used [0x00000000fd880000,0x00000000fd880000,0x00000000fff80000)
 ParOldGen       total 204800K, used 105887K [0x0000000080000000, 0x000000008c800000, 0x00000000d5580000)
  object space 204800K, 51% used [0x0000000080000000,0x0000000086767f20,0x000000008c800000)
 Metaspace       used 84074K, capacity 88394K, committed 88872K, reserved 1126400K
  class space    used 11387K, capacity 12186K, committed 12336K, reserved 1048576K

Card table byte_map: [0x00000000120a0000,0x00000000124b0000] byte_map_base: 0x0000000011ca0000

Marking Bits: (ParMarkBitMap*) 0x000000007722f030
 Begin Bits: [0x0000000012b60000, 0x0000000014b60000)
 End Bits:   [0x0000000014b60000, 0x0000000016b60000)

Polling page: 0x0000000002b90000

CodeCache: size=245760Kb used=41388Kb max_used=42099Kb free=204371Kb
 bounds [0x0000000002ce0000, 0x0000000005670000, 0x0000000011ce0000]
 total_blobs=13310 nmethods=12475 adapters=745
 compilation: enabled

Compilation events (10 events):
Event: 44.524 Thread 0x0000000017988000 14679       1       com.google.common.cache.LocalCache$2::offer (2 bytes)
Event: 44.524 Thread 0x0000000017988000 nmethod 14679 0x00000000049a9e90 code [0x00000000049a9fe0, 0x00000000049aa0f0]
Event: 44.563 Thread 0x0000000017988000 14680       3       org.gradle.cache.internal.btree.BTreePersistentIndexedCache$IndexBlock::write (87 bytes)
Event: 44.564 Thread 0x0000000017988000 nmethod 14680 0x0000000004852b50 code [0x0000000004852d80, 0x00000000048538a8]
Event: 44.577 Thread 0x0000000017988000 14681       2       org.gradle.api.internal.provider.DefaultProperty::value (7 bytes)
Event: 44.578 Thread 0x0000000017988000 nmethod 14681 0x00000000047fc9d0 code [0x00000000047fcb40, 0x00000000047fccc8]
Event: 44.578 Thread 0x0000000017988000 14682       2       org.gradle.api.internal.provider.ManagedFactories$PropertyManagedFactory::fromState (36 bytes)
Event: 44.579 Thread 0x0000000017988000 nmethod 14682 0x0000000004878010 code [0x00000000048781e0, 0x0000000004878728]
Event: 44.583 Thread 0x0000000017988000 14683       2       com.google.common.cache.LocalCache$StrongValueReference::notifyNewValue (1 bytes)
Event: 44.583 Thread 0x0000000017988000 nmethod 14683 0x0000000004a47090 code [0x0000000004a471e0, 0x0000000004a47330]

GC Heap History (10 events):
Event: 33.061 GC heap before
{Heap before GC invocations=23 (full 4):
 PSYoungGen      total 457216K, used 435836K [0x00000000d5580000, 0x00000000f3a80000, 0x0000000100000000)
  eden space 417280K, 100% used [0x00000000d5580000,0x00000000eed00000,0x00000000eed00000)
  from space 39936K, 46% used [0x00000000f1380000,0x00000000f259f388,0x00000000f3a80000)
  to   space 39424K, 0% used [0x00000000eed00000,0x00000000eed00000,0x00000000f1380000)
 ParOldGen       total 204800K, used 89383K [0x0000000080000000, 0x000000008c800000, 0x00000000d5580000)
  object space 204800K, 43% used [0x0000000080000000,0x0000000085749e28,0x000000008c800000)
 Metaspace       used 83760K, capacity 88114K, committed 88616K, reserved 1126400K
  class space    used 11377K, capacity 12174K, committed 12336K, reserved 1048576K
Event: 33.130 GC heap after
Heap after GC invocations=23 (full 4):
 PSYoungGen      total 456704K, used 28496K [0x00000000d5580000, 0x00000000f9100000, 0x0000000100000000)
  eden space 417280K, 0% used [0x00000000d5580000,0x00000000d5580000,0x00000000eed00000)
  from space 39424K, 72% used [0x00000000eed00000,0x00000000f08d4180,0x00000000f1380000)
  to   space 41984K, 0% used [0x00000000f6800000,0x00000000f6800000,0x00000000f9100000)
 ParOldGen       total 204800K, used 89383K [0x0000000080000000, 0x000000008c800000, 0x00000000d5580000)
  object space 204800K, 43% used [0x0000000080000000,0x0000000085749e28,0x000000008c800000)
 Metaspace       used 83760K, capacity 88114K, committed 88616K, reserved 1126400K
  class space    used 11377K, capacity 12174K, committed 12336K, reserved 1048576K
}
Event: 34.940 GC heap before
{Heap before GC invocations=24 (full 4):
 PSYoungGen      total 456704K, used 445776K [0x00000000d5580000, 0x00000000f9100000, 0x0000000100000000)
  eden space 417280K, 100% used [0x00000000d5580000,0x00000000eed00000,0x00000000eed00000)
  from space 39424K, 72% used [0x00000000eed00000,0x00000000f08d4180,0x00000000f1380000)
  to   space 41984K, 0% used [0x00000000f6800000,0x00000000f6800000,0x00000000f9100000)
 ParOldGen       total 204800K, used 89383K [0x0000000080000000, 0x000000008c800000, 0x00000000d5580000)
  object space 204800K, 43% used [0x0000000080000000,0x0000000085749e28,0x000000008c800000)
 Metaspace       used 83883K, capacity 88196K, committed 88616K, reserved 1126400K
  class space    used 11378K, capacity 12175K, committed 12336K, reserved 1048576K
Event: 34.984 GC heap after
Heap after GC invocations=24 (full 4):
 PSYoungGen      total 535040K, used 15061K [0x00000000d5580000, 0x00000000f8a80000, 0x0000000100000000)
  eden space 499712K, 0% used [0x00000000d5580000,0x00000000d5580000,0x00000000f3d80000)
  from space 35328K, 42% used [0x00000000f6800000,0x00000000f76b57e8,0x00000000f8a80000)
  to   space 39424K, 0% used [0x00000000f3d80000,0x00000000f3d80000,0x00000000f6400000)
 ParOldGen       total 204800K, used 97370K [0x0000000080000000, 0x000000008c800000, 0x00000000d5580000)
  object space 204800K, 47% used [0x0000000080000000,0x0000000085f16a10,0x000000008c800000)
 Metaspace       used 83883K, capacity 88196K, committed 88616K, reserved 1126400K
  class space    used 11378K, capacity 12175K, committed 12336K, reserved 1048576K
}
Event: 37.008 GC heap before
{Heap before GC invocations=25 (full 4):
 PSYoungGen      total 535040K, used 514773K [0x00000000d5580000, 0x00000000f8a80000, 0x0000000100000000)
  eden space 499712K, 100% used [0x00000000d5580000,0x00000000f3d80000,0x00000000f3d80000)
  from space 35328K, 42% used [0x00000000f6800000,0x00000000f76b57e8,0x00000000f8a80000)
  to   space 39424K, 0% used [0x00000000f3d80000,0x00000000f3d80000,0x00000000f6400000)
 ParOldGen       total 204800K, used 97370K [0x0000000080000000, 0x000000008c800000, 0x00000000d5580000)
  object space 204800K, 47% used [0x0000000080000000,0x0000000085f16a10,0x000000008c800000)
 Metaspace       used 83959K, capacity 88316K, committed 88872K, reserved 1126400K
  class space    used 11385K, capacity 12185K, committed 12336K, reserved 1048576K
Event: 37.068 GC heap after
Heap after GC invocations=25 (full 4):
 PSYoungGen      total 539136K, used 20847K [0x00000000d5580000, 0x00000000fea80000, 0x0000000100000000)
  eden space 499712K, 0% used [0x00000000d5580000,0x00000000d5580000,0x00000000f3d80000)
  from space 39424K, 52% used [0x00000000f3d80000,0x00000000f51dbdf0,0x00000000f6400000)
  to   space 38912K, 0% used [0x00000000fc480000,0x00000000fc480000,0x00000000fea80000)
 ParOldGen       total 204800K, used 100419K [0x0000000080000000, 0x000000008c800000, 0x00000000d5580000)
  object space 204800K, 49% used [0x0000000080000000,0x0000000086210f88,0x000000008c800000)
 Metaspace       used 83959K, capacity 88316K, committed 88872K, reserved 1126400K
  class space    used 11385K, capacity 12185K, committed 12336K, reserved 1048576K
}
Event: 39.219 GC heap before
{Heap before GC invocations=26 (full 4):
 PSYoungGen      total 539136K, used 520559K [0x00000000d5580000, 0x00000000fea80000, 0x0000000100000000)
  eden space 499712K, 100% used [0x00000000d5580000,0x00000000f3d80000,0x00000000f3d80000)
  from space 39424K, 52% used [0x00000000f3d80000,0x00000000f51dbdf0,0x00000000f6400000)
  to   space 38912K, 0% used [0x00000000fc480000,0x00000000fc480000,0x00000000fea80000)
 ParOldGen       total 204800K, used 100422K [0x0000000080000000, 0x000000008c800000, 0x00000000d5580000)
  object space 204800K, 49% used [0x0000000080000000,0x00000000862118f8,0x000000008c800000)
 Metaspace       used 83992K, capacity 88324K, committed 88872K, reserved 1126400K
  class space    used 11385K, capacity 12185K, committed 12336K, reserved 1048576K
Event: 39.292 GC heap after
Heap after GC invocations=26 (full 4):
 PSYoungGen      total 635392K, used 30040K [0x00000000d5580000, 0x00000000ff200000, 0x0000000100000000)
  eden space 596480K, 0% used [0x00000000d5580000,0x00000000d5580000,0x00000000f9c00000)
  from space 38912K, 77% used [0x00000000fc480000,0x00000000fe1d62d8,0x00000000fea80000)
  to   space 41472K, 0% used [0x00000000f9c00000,0x00000000f9c00000,0x00000000fc480000)
 ParOldGen       total 204800K, used 102026K [0x0000000080000000, 0x000000008c800000, 0x00000000d5580000)
  object space 204800K, 49% used [0x0000000080000000,0x00000000863a2918,0x000000008c800000)
 Metaspace       used 83992K, capacity 88324K, committed 88872K, reserved 1126400K
  class space    used 11385K, capacity 12185K, committed 12336K, reserved 1048576K
}
Event: 42.931 GC heap before
{Heap before GC invocations=27 (full 4):
 PSYoungGen      total 635392K, used 626520K [0x00000000d5580000, 0x00000000ff200000, 0x0000000100000000)
  eden space 596480K, 100% used [0x00000000d5580000,0x00000000f9c00000,0x00000000f9c00000)
  from space 38912K, 77% used [0x00000000fc480000,0x00000000fe1d62d8,0x00000000fea80000)
  to   space 41472K, 0% used [0x00000000f9c00000,0x00000000f9c00000,0x00000000fc480000)
 ParOldGen       total 204800K, used 102043K [0x0000000080000000, 0x000000008c800000, 0x00000000d5580000)
  object space 204800K, 49% used [0x0000000080000000,0x00000000863a6f60,0x000000008c800000)
 Metaspace       used 84030K, capacity 88390K, committed 88872K, reserved 1126400K
  class space    used 11387K, capacity 12186K, committed 12336K, reserved 1048576K
Event: 42.999 GC heap after
Heap after GC invocations=27 (full 4):
 PSYoungGen      total 637952K, used 20927K [0x00000000d5580000, 0x00000000fff80000, 0x0000000100000000)
  eden space 596480K, 0% used [0x00000000d5580000,0x00000000d5580000,0x00000000f9c00000)
  from space 41472K, 50% used [0x00000000f9c00000,0x00000000fb06fe00,0x00000000fc480000)
  to   space 39936K, 0% used [0x00000000fd880000,0x00000000fd880000,0x00000000fff80000)
 ParOldGen       total 204800K, used 105887K [0x0000000080000000, 0x000000008c800000, 0x00000000d5580000)
  object space 204800K, 51% used [0x0000000080000000,0x0000000086767f20,0x000000008c800000)
 Metaspace       used 84030K, capacity 88390K, committed 88872K, reserved 1126400K
  class space    used 11387K, capacity 12186K, committed 12336K, reserved 1048576K
}

Deoptimization events (10 events):
Event: 37.925 Thread 0x000000001b2ed000 Uncommon trap: reason=array_check action=maybe_recompile pc=0x00000000054ebbd8 method=java.util.TimSort.binarySort([Ljava/lang/Object;IIILjava/util/Comparator;)V @ 193
Event: 37.925 Thread 0x000000001b2ed000 Uncommon trap: reason=array_check action=maybe_recompile pc=0x00000000054ebbd8 method=java.util.TimSort.binarySort([Ljava/lang/Object;IIILjava/util/Comparator;)V @ 193
Event: 37.925 Thread 0x000000001b2ed000 Uncommon trap: reason=array_check action=maybe_recompile pc=0x00000000054ebb14 method=java.util.TimSort.binarySort([Ljava/lang/Object;IIILjava/util/Comparator;)V @ 215
Event: 37.925 Thread 0x000000001b2ed000 Uncommon trap: reason=array_check action=maybe_recompile pc=0x00000000054ebb14 method=java.util.TimSort.binarySort([Ljava/lang/Object;IIILjava/util/Comparator;)V @ 215
Event: 37.936 Thread 0x000000001b2f1000 Uncommon trap: reason=speculate_class_check action=maybe_recompile pc=0x000000000550af5c method=com.android.tools.r8.ir.optimize.l.a(Lcom/android/tools/r8/s/b/X;Lcom/android/tools/r8/s/b/o;Ljava/util/function/Supplier;Ljava/util/Map;Ljava/util/function/Pr
Event: 39.772 Thread 0x000000001b2f1000 Uncommon trap: reason=unstable_if action=reinterpret pc=0x00000000033b377c method=com.android.tools.r8.ir.regalloc.b.compareTo(Ljava/lang/Object;)I @ 52
Event: 43.753 Thread 0x000000001b2f1000 Uncommon trap: reason=class_check action=maybe_recompile pc=0x0000000004512b74 method=java.util.Collections$SetFromMap.iterator()Ljava/util/Iterator; @ 4
Event: 44.222 Thread 0x000000001b2ef800 Uncommon trap: reason=unstable_if action=reinterpret pc=0x000000000478fbb8 method=com.android.tools.r8.z.a.a.B.a()Ljava/lang/String; @ 8
Event: 44.336 Thread 0x000000001b2ed000 Uncommon trap: reason=unstable_if action=reinterpret pc=0x0000000004111ccc method=java.util.concurrent.ConcurrentLinkedQueue.poll()Ljava/lang/Object; @ 25
Event: 44.336 Thread 0x000000001b2ed000 Uncommon trap: reason=unstable_if action=reinterpret pc=0x0000000003485bc0 method=java.util.concurrent.ConcurrentLinkedQueue.poll()Ljava/lang/Object; @ 25

Classes redefined (0 events):
No events

Internal exceptions (10 events):
Event: 44.171 Thread 0x000000001b2f1000 Exception <a 'sun/nio/fs/WindowsException'> (0x00000000dd357bc0) thrown at [C:\src\AOSP-openjdk-git\hotspot\src\share\vm\prims\jni.cpp, line 710]
Event: 44.220 Thread 0x000000001b2ef800 Exception <a 'sun/nio/fs/WindowsException'> (0x00000000de243dc8) thrown at [C:\src\AOSP-openjdk-git\hotspot\src\share\vm\prims\jni.cpp, line 710]
Event: 44.279 Thread 0x000000001b2ed000 Exception <a 'sun/nio/fs/WindowsException'> (0x00000000de76e708) thrown at [C:\src\AOSP-openjdk-git\hotspot\src\share\vm\prims\jni.cpp, line 710]
Event: 44.304 Thread 0x000000001b2f1000 Exception <a 'sun/nio/fs/WindowsException'> (0x00000000dead8dd0) thrown at [C:\src\AOSP-openjdk-git\hotspot\src\share\vm\prims\jni.cpp, line 710]
Event: 44.310 Thread 0x000000001b2ef800 Exception <a 'sun/nio/fs/WindowsException'> (0x00000000df0a10a0) thrown at [C:\src\AOSP-openjdk-git\hotspot\src\share\vm\prims\jni.cpp, line 710]
Event: 44.416 Thread 0x000000001b2f3000 Exception <a 'sun/nio/fs/WindowsException'> (0x00000000e05167b8) thrown at [C:\src\AOSP-openjdk-git\hotspot\src\share\vm\prims\jni.cpp, line 710]
Event: 44.444 Thread 0x000000001b2f1000 Exception <a 'sun/nio/fs/WindowsException'> (0x00000000e0c77530) thrown at [C:\src\AOSP-openjdk-git\hotspot\src\share\vm\prims\jni.cpp, line 710]
Event: 44.479 Thread 0x000000001b2f3000 Exception <a 'sun/nio/fs/WindowsException'> (0x00000000e1486170) thrown at [C:\src\AOSP-openjdk-git\hotspot\src\share\vm\prims\jni.cpp, line 710]
Event: 44.484 Thread 0x000000001b2ed000 Exception <a 'sun/nio/fs/WindowsException'> (0x00000000e09c4318) thrown at [C:\src\AOSP-openjdk-git\hotspot\src\share\vm\prims\jni.cpp, line 710]
Event: 44.522 Thread 0x000000001b2f1000 Exception <a 'sun/nio/fs/WindowsException'> (0x00000000e18e5da0) thrown at [C:\src\AOSP-openjdk-git\hotspot\src\share\vm\prims\jni.cpp, line 710]

Events (10 events):
Event: 44.497 Thread 0x000000001b2ed000 DEOPT PACKING pc=0x000000000537d58c sp=0x00000000223aa330
Event: 44.497 Thread 0x000000001b2ed000 DEOPT UNPACKING pc=0x0000000002d275d0 sp=0x00000000223aa088 mode 0
Event: 44.499 Thread 0x000000001b2ed000 DEOPT PACKING pc=0x000000000537d78c sp=0x00000000223aa090
Event: 44.499 Thread 0x000000001b2ed000 DEOPT UNPACKING pc=0x0000000002d275d0 sp=0x00000000223a9df8 mode 0
Event: 44.501 Thread 0x000000001b2ed000 DEOPT PACKING pc=0x000000000537d775 sp=0x00000000223aa460
Event: 44.501 Thread 0x000000001b2ed000 DEOPT UNPACKING pc=0x0000000002d275d0 sp=0x00000000223aa1c8 mode 0
Event: 44.509 Thread 0x000000001b2ed000 DEOPT PACKING pc=0x000000000537d78c sp=0x00000000223ab3a0
Event: 44.509 Thread 0x000000001b2ed000 DEOPT UNPACKING pc=0x0000000002d275d0 sp=0x00000000223ab108 mode 0
Event: 44.563 Thread 0x000000001b6e4000 DEOPT PACKING pc=0x00000000030d927e sp=0x000000001d9ae730
Event: 44.563 Thread 0x000000001b6e4000 DEOPT UNPACKING pc=0x0000000002d275d0 sp=0x000000001d9ae470 mode 0


Dynamic libraries:
0x00007ff688980000 - 0x00007ff6889b1000 	C:\Program Files\Android\Android Studio\jre\bin\java.exe
0x00007ffc08bb0000 - 0x00007ffc08da5000 	C:\windows\SYSTEM32\ntdll.dll
0x00007ffbd4b00000 - 0x00007ffbd4b13000 	C:\Program Files\AVG\Antivirus\aswhook.dll
0x00007ffc07860000 - 0x00007ffc0791d000 	C:\windows\System32\KERNEL32.DLL
0x00007ffc06500000 - 0x00007ffc067c8000 	C:\windows\System32\KERNELBASE.dll
0x00007ffc087e0000 - 0x00007ffc0888c000 	C:\windows\System32\ADVAPI32.dll
0x00007ffc06c70000 - 0x00007ffc06d0e000 	C:\windows\System32\msvcrt.dll
0x00007ffc07990000 - 0x00007ffc07a2b000 	C:\windows\System32\sechost.dll
0x00007ffc07390000 - 0x00007ffc074bb000 	C:\windows\System32\RPCRT4.dll
0x00007ffc071e0000 - 0x00007ffc07380000 	C:\windows\System32\USER32.dll
0x00007ffc06800000 - 0x00007ffc06822000 	C:\windows\System32\win32u.dll
0x00007ffc07b10000 - 0x00007ffc07b3a000 	C:\windows\System32\GDI32.dll
0x00007ffc068e0000 - 0x00007ffc069eb000 	C:\windows\System32\gdi32full.dll
0x00007ffc06b70000 - 0x00007ffc06c0d000 	C:\windows\System32\msvcp_win.dll
0x00007ffc06a70000 - 0x00007ffc06b70000 	C:\windows\System32\ucrtbase.dll
0x00007ffbf5350000 - 0x00007ffbf55ea000 	C:\windows\WinSxS\amd64_microsoft.windows.common-controls_6595b64144ccf1df_6.0.19041.844_none_ca00b6081b84eb1d\COMCTL32.dll
0x00007ffc07830000 - 0x00007ffc07860000 	C:\windows\System32\IMM32.DLL
0x0000000077530000 - 0x0000000077602000 	C:\Program Files\Android\Android Studio\jre\jre\bin\msvcr100.dll
0x0000000076a60000 - 0x00000000772ab000 	C:\Program Files\Android\Android Studio\jre\jre\bin\server\jvm.dll
0x00007ffc07380000 - 0x00007ffc07388000 	C:\windows\System32\PSAPI.DLL
0x00007ffbed6b0000 - 0x00007ffbed6b9000 	C:\windows\SYSTEM32\WSOCK32.dll
0x00007ffc07920000 - 0x00007ffc0798b000 	C:\windows\System32\WS2_32.dll
0x00007ffbfbcb0000 - 0x00007ffbfbcd7000 	C:\windows\SYSTEM32\WINMM.dll
0x00007ffbfc540000 - 0x00007ffbfc54a000 	C:\windows\SYSTEM32\VERSION.dll
0x00007ffc02260000 - 0x00007ffc0226f000 	C:\Program Files\Android\Android Studio\jre\jre\bin\verify.dll
0x00007ffc02230000 - 0x00007ffc02259000 	C:\Program Files\Android\Android Studio\jre\jre\bin\java.dll
0x00007ffc01120000 - 0x00007ffc01136000 	C:\Program Files\Android\Android Studio\jre\jre\bin\zip.dll
0x00007ffc07e10000 - 0x00007ffc08552000 	C:\windows\System32\SHELL32.dll
0x00007ffc04430000 - 0x00007ffc04bc1000 	C:\windows\SYSTEM32\windows.storage.dll
0x00007ffc074c0000 - 0x00007ffc07815000 	C:\windows\System32\combase.dll
0x00007ffc05d60000 - 0x00007ffc05d8c000 	C:\windows\SYSTEM32\Wldp.dll
0x00007ffc08ac0000 - 0x00007ffc08b6e000 	C:\windows\System32\SHCORE.dll
0x00007ffc089e0000 - 0x00007ffc08a35000 	C:\windows\System32\shlwapi.dll
0x00007ffc06230000 - 0x00007ffc0624f000 	C:\windows\SYSTEM32\profapi.dll
0x00007ffc00880000 - 0x00007ffc0089a000 	C:\Program Files\Android\Android Studio\jre\jre\bin\net.dll
0x00007ffc05ad0000 - 0x00007ffc05b3a000 	C:\windows\system32\mswsock.dll
0x00007ffc00860000 - 0x00007ffc00873000 	C:\Program Files\Android\Android Studio\jre\jre\bin\nio.dll
0x00007ffbe8bf0000 - 0x00007ffbe8c17000 	C:\Users\Maria\.gradle\native\f6784746aeab05261644944871eae4fe03e0ef1612fff0a4a95f87b438bc6780\windows-amd64\native-platform.dll
0x00007ffc02220000 - 0x00007ffc0222d000 	C:\Program Files\Android\Android Studio\jre\jre\bin\management.dll
0x00007ffc05ca0000 - 0x00007ffc05cb8000 	C:\windows\SYSTEM32\CRYPTSP.dll
0x00007ffc05400000 - 0x00007ffc05434000 	C:\windows\system32\rsaenh.dll
0x00007ffc067d0000 - 0x00007ffc067f7000 	C:\windows\System32\bcrypt.dll
0x00007ffc061b0000 - 0x00007ffc061de000 	C:\windows\SYSTEM32\USERENV.dll
0x00007ffc069f0000 - 0x00007ffc06a70000 	C:\windows\System32\bcryptprimitives.dll
0x00007ffc05cc0000 - 0x00007ffc05ccc000 	C:\windows\SYSTEM32\CRYPTBASE.dll
0x00007ffc05770000 - 0x00007ffc057ab000 	C:\windows\SYSTEM32\IPHLPAPI.DLL
0x00007ffc07820000 - 0x00007ffc07828000 	C:\windows\System32\NSI.dll
0x00007ffbfbe90000 - 0x00007ffbfbea7000 	C:\windows\SYSTEM32\dhcpcsvc6.DLL
0x00007ffbfc410000 - 0x00007ffbfc42d000 	C:\windows\SYSTEM32\dhcpcsvc.DLL
0x00007ffc057c0000 - 0x00007ffc0588c000 	C:\windows\SYSTEM32\DNSAPI.dll
0x00007ffbfd330000 - 0x00007ffbfd33b000 	C:\windows\SYSTEM32\WINNSI.DLL

VM Arguments:
jvm_args: -Xmx2048m -Dfile.encoding=UTF-8 -Duser.country=US -Duser.language=en -Duser.variant 
java_command: org.gradle.launcher.daemon.bootstrap.GradleDaemon 6.5
java_class_path (initial): C:\Users\Maria\.gradle\wrapper\dists\gradle-6.5-bin\6nifqtx7604sqp1q6g8wikw7p\gradle-6.5\lib\gradle-launcher-6.5.jar
Launcher Type: SUN_STANDARD

Environment Variables:
PATH=C:\Program Files (x86)\Common Files\Oracle\Java\javapath;C:\windows\system32;C:\windows;C:\windows\System32\Wbem;C:\windows\System32\WindowsPowerShell\v1.0\;C:\windows\System32\OpenSSH\;E:\matlab\Install\runtime\win64;E:\matlab\Install\bin;C:\Program Files\Polyspace\R2020a\runtime\win64;C:\Program Files\Polyspace\R2020a\bin;C:\Program Files\MATLAB\R2012a\runtime\win64;C:\Program Files\MATLAB\R2012a\bin;C:\Program Files\Polyspace\R2020a\polyspace\bin;C:\Program Files\Git\cmd;C:\Program Files\nodejs\;C:\Users\Maria\AppData\Local\Programs\Python\Python38-32\Scripts\;C:\Users\Maria\AppData\Local\Programs\Python\Python38-32\;C:\Users\Maria\AppData\Local\Microsoft\WindowsApps;C:\OJI\FP\bin\i386-Win32;E:\latex\miktex\bin\x64\;D:\MikTex\miktex\bin\x64\;C:\Users\Maria\AppData\Roaming\npm;C:\Users\Maria\AppData\Local\Programs\Microsoft VS Code\bin
USERNAME=Maria
OS=Windows_NT
PROCESSOR_IDENTIFIER=Intel64 Family 6 Model 142 Stepping 9, GenuineIntel



---------------  S Y S T E M  ---------------

OS: Windows 10.0 , 64 bit Build 19041 (10.0.19041.928)

CPU:total 4 (initial active 4) (2 cores per cpu, 2 threads per core) family 6 model 142 stepping 9, cmov, cx8, fxsr, mmx, sse, sse2, sse3, ssse3, sse4.1, sse4.2, popcnt, avx, avx2, aes, clmul, erms, 3dnowpref, lzcnt, ht, tsc, tscinvbit, bmi1, bmi2, adx

Memory: 4k page, physical 8253668k(684004k free), swap 12443876k(6040k free)

vm_info: OpenJDK 64-Bit Server VM (25.242-b01) for windows-amd64 JRE (1.8.0_242-release-1644-b01), built by "builder" with MS VC++ 10.0 (VS2010)

time: Sun Apr 18 01:13:56 2021
timezone: GTB Daylight Time
elapsed time: 44 seconds (0d 0h 0m 44s)

